D:\BACKUP\DOCUMENTS\VISUAL STUDIO 2010\PROJECTS\QUEUESYSTEM\DEBUG\QUEUESYSTEM.EXE
D:\BACKUP\DOCUMENTS\VISUAL STUDIO 2010\PROJECTS\QUEUESYSTEM\DEBUG\QUEUESYSTEM.ILK
D:\BACKUP\DOCUMENTS\VISUAL STUDIO 2010\PROJECTS\QUEUESYSTEM\DEBUG\QUEUESYSTEM.PDB
d:\Backup\documents\visual studio 2010\Projects\QueueSystem\QueueSystem\Debug\cl.command.1.tlog
d:\Backup\documents\visual studio 2010\Projects\QueueSystem\QueueSystem\Debug\CL.read.1.tlog
d:\Backup\documents\visual studio 2010\Projects\QueueSystem\QueueSystem\Debug\CL.write.1.tlog
d:\Backup\documents\visual studio 2010\Projects\QueueSystem\QueueSystem\Debug\link.command.1.tlog
d:\Backup\documents\visual studio 2010\Projects\QueueSystem\QueueSystem\Debug\link.read.1.tlog
d:\Backup\documents\visual studio 2010\Projects\QueueSystem\QueueSystem\Debug\link.write.1.tlog
d:\Backup\documents\visual studio 2010\Projects\QueueSystem\QueueSystem\Debug\link-cvtres.read.1.tlog
d:\Backup\documents\visual studio 2010\Projects\QueueSystem\QueueSystem\Debug\link-cvtres.write.1.tlog
d:\Backup\documents\visual studio 2010\Projects\QueueSystem\QueueSystem\Debug\mt.command.1.tlog
d:\Backup\documents\visual studio 2010\Projects\QueueSystem\QueueSystem\Debug\mt.read.1.tlog
d:\Backup\documents\visual studio 2010\Projects\QueueSystem\QueueSystem\Debug\mt.write.1.tlog
D:\BACKUP\DOCUMENTS\VISUAL STUDIO 2010\PROJECTS\QUEUESYSTEM\QUEUESYSTEM\DEBUG\QUEUESYSTEM.EXE.EMBED.MANIFEST
D:\BACKUP\DOCUMENTS\VISUAL STUDIO 2010\PROJECTS\QUEUESYSTEM\QUEUESYSTEM\DEBUG\QUEUESYSTEM.EXE.EMBED.MANIFEST.RES
D:\BACKUP\DOCUMENTS\VISUAL STUDIO 2010\PROJECTS\QUEUESYSTEM\QUEUESYSTEM\DEBUG\QUEUESYSTEM.EXE.INTERMEDIATE.MANIFEST
D:\BACKUP\DOCUMENTS\VISUAL STUDIO 2010\PROJECTS\QUEUESYSTEM\QUEUESYSTEM\DEBUG\QUEUESYSTEM.OBJ
D:\BACKUP\DOCUMENTS\VISUAL STUDIO 2010\PROJECTS\QUEUESYSTEM\QUEUESYSTEM\DEBUG\QUEUESYSTEM.PCH
D:\BACKUP\DOCUMENTS\VISUAL STUDIO 2010\PROJECTS\QUEUESYSTEM\QUEUESYSTEM\DEBUG\QUEUESYSTEM.RES
d:\Backup\documents\visual studio 2010\Projects\QueueSystem\QueueSystem\Debug\QueueSystem.vcxprojResolveAssemblyReference.cache
d:\Backup\documents\visual studio 2010\Projects\QueueSystem\QueueSystem\Debug\QueueSystem.write.1.tlog
d:\Backup\documents\visual studio 2010\Projects\QueueSystem\QueueSystem\Debug\QueueSystem_manifest.rc
D:\BACKUP\DOCUMENTS\VISUAL STUDIO 2010\PROJECTS\QUEUESYSTEM\QUEUESYSTEM\DEBUG\QUEUESYSTEMDLG.OBJ
d:\Backup\documents\visual studio 2010\Projects\QueueSystem\QueueSystem\Debug\rc.command.1.tlog
d:\Backup\documents\visual studio 2010\Projects\QueueSystem\QueueSystem\Debug\rc.read.1.tlog
d:\Backup\documents\visual studio 2010\Projects\QueueSystem\QueueSystem\Debug\rc.write.1.tlog
D:\BACKUP\DOCUMENTS\VISUAL STUDIO 2010\PROJECTS\QUEUESYSTEM\QUEUESYSTEM\DEBUG\STDAFX.OBJ
d:\Backup\documents\visual studio 2010\Projects\QueueSystem\QueueSystem\Debug\vc100.idb
D:\BACKUP\DOCUMENTS\VISUAL STUDIO 2010\PROJECTS\QUEUESYSTEM\QUEUESYSTEM\DEBUG\VC100.PDB
