生成启动时间为 2022/3/11 8:39:10。
     1>项目“d:\Backup\documents\visual studio 2010\Projects\QueueSystem\QueueSystem\QueueSystem.vcxproj”在节点 2 上(rebuild 个目标)。
     1>_PrepareForClean:
         正在删除文件“Debug\QueueSystem.lastbuildstate”。
       InitializeBuildStatus:
         正在创建“Debug\QueueSystem.unsuccessfulbuild”，因为已指定“AlwaysCreate”。
       ClCompile:
         D:\Program Files (x86)\Microsoft Visual Studio 10.0\VC\bin\CL.exe /c /ZI /nologo /W3 /WX- /Od /Oy- /D WIN32 /D _WINDOWS /D _DEBUG /D _UNICODE /D UNICODE /D _AFXDLL /Gm /EHsc /RTC1 /MDd /GS /fp:precise /Zc:wchar_t /Zc:forScope /Yc"StdAfx.h" /Fp"Debug\QueueSystem.pch" /Fo"Debug\\" /Fd"Debug\vc100.pdb" /Gd /TP /analyze- /errorReport:prompt stdafx.cpp
         stdafx.cpp
         D:\Program Files (x86)\Microsoft Visual Studio 10.0\VC\bin\CL.exe /c /ZI /nologo /W3 /WX- /Od /Oy- /D WIN32 /D _WINDOWS /D _DEBUG /D _UNICODE /D UNICODE /D _AFXDLL /Gm /EHsc /RTC1 /MDd /GS /fp:precise /Zc:wchar_t /Zc:forScope /Yu"StdAfx.h" /Fp"Debug\QueueSystem.pch" /Fo"Debug\\" /Fd"Debug\vc100.pdb" /Gd /TP /analyze- /errorReport:prompt QueueSystem.cpp QueueSystemDlg.cpp
         QueueSystemDlg.cpp
         QueueSystem.cpp
         正在生成代码...
       ResourceCompile:
         C:\Program Files (x86)\Microsoft SDKs\Windows\v7.0A\bin\rc.exe /D _DEBUG /D _UNICODE /D UNICODE /D _AFXDLL /l"0x0804" /IDebug\ /nologo /fo"Debug\QueueSystem.res" QueueSystem.rc 
       ManifestResourceCompile:
         C:\Program Files (x86)\Microsoft SDKs\Windows\v7.0A\bin\rc.exe /nologo /fo"Debug\QueueSystem.exe.embed.manifest.res" Debug\QueueSystem_manifest.rc 
       Link:
         D:\Program Files (x86)\Microsoft Visual Studio 10.0\VC\bin\link.exe /ERRORREPORT:PROMPT /OUT:"d:\backup\documents\visual studio 2010\Projects\QueueSystem\Debug\QueueSystem.exe" /INCREMENTAL /NOLOGO /MANIFEST /ManifestFile:"Debug\QueueSystem.exe.intermediate.manifest" /MANIFESTUAC:"level='asInvoker' uiAccess='false'" /DEBUG /PDB:"d:\backup\documents\visual studio 2010\Projects\QueueSystem\Debug\QueueSystem.pdb" /SUBSYSTEM:WINDOWS /TLBID:1 /ENTRY:"wWinMainCRTStartup" /DYNAMICBASE /NXCOMPAT /IMPLIB:"d:\backup\documents\visual studio 2010\Projects\QueueSystem\Debug\QueueSystem.lib" /MACHINE:X86 Debug\QueueSystem.res
         Debug\QueueSystem.exe.embed.manifest.res
         Debug\QueueSystem.obj
         Debug\QueueSystemDlg.obj
         Debug\stdafx.obj
       Manifest:
         正在删除文件“Debug\QueueSystem.exe.embed.manifest”。
         C:\Program Files (x86)\Microsoft SDKs\Windows\v7.0A\bin\mt.exe /nologo /verbose /out:"Debug\QueueSystem.exe.embed.manifest" /manifest Debug\QueueSystem.exe.intermediate.manifest "D:\Program Files (x86)\Microsoft Visual Studio 10.0\VC\Include\Manifest\dpiaware.manifest"
         C:\Program Files (x86)\Microsoft SDKs\Windows\v7.0A\bin\rc.exe /nologo /fo"Debug\QueueSystem.exe.embed.manifest.res" Debug\QueueSystem_manifest.rc 
       LinkEmbedManifest:
         D:\Program Files (x86)\Microsoft Visual Studio 10.0\VC\bin\link.exe /ERRORREPORT:PROMPT /OUT:"d:\backup\documents\visual studio 2010\Projects\QueueSystem\Debug\QueueSystem.exe" /INCREMENTAL /NOLOGO /MANIFEST /ManifestFile:"Debug\QueueSystem.exe.intermediate.manifest" /MANIFESTUAC:"level='asInvoker' uiAccess='false'" /DEBUG /PDB:"d:\backup\documents\visual studio 2010\Projects\QueueSystem\Debug\QueueSystem.pdb" /SUBSYSTEM:WINDOWS /TLBID:1 /ENTRY:"wWinMainCRTStartup" /DYNAMICBASE /NXCOMPAT /IMPLIB:"d:\backup\documents\visual studio 2010\Projects\QueueSystem\Debug\QueueSystem.lib" /MACHINE:X86 Debug\QueueSystem.res
         Debug\QueueSystem.exe.embed.manifest.res
         Debug\QueueSystem.obj
         Debug\QueueSystemDlg.obj
         Debug\stdafx.obj
         QueueSystem.vcxproj -> d:\backup\documents\visual studio 2010\Projects\QueueSystem\Debug\QueueSystem.exe
       FinalizeBuildStatus:
         正在删除文件“Debug\QueueSystem.unsuccessfulbuild”。
         正在对“Debug\QueueSystem.lastbuildstate”执行 Touch 任务。
     1>已完成生成项目“d:\Backup\documents\visual studio 2010\Projects\QueueSystem\QueueSystem\QueueSystem.vcxproj”(rebuild 个目标)的操作。

生成成功。

已用时间 00:00:04.20
